scripts/template/evidence.ts:154:49 lint/complexity/useLiteralKeys  FIXABLE  ━━━━━━━━━━━━━━━━━━━━━━━

  i The computed expression can be simplified without the use of a string literal.
  
    152 │ 	const validationCommands = new Set(
    153 │ 		validations.flatMap((entry) => {
  > 154 │ 			if (!isRecord(entry) || !Array.isArray(entry["command"])) return [];
        │ 			                                             ^^^^^^^^^
    155 │ 			if (!entry["command"].every((part) => typeof part === "string"))
    156 │ 				return [];
  
  i Unsafe fix: Use a literal key instead.
  
    152 152 │     const validationCommands = new Set(
    153 153 │       validations.flatMap((entry) => {
    154     │ - → → → if·(!isRecord(entry)·||·!Array.isArray(entry["command"]))·return·[];
        154 │ + → → → if·(!isRecord(entry)·||·!Array.isArray(entry.command))·return·[];
    155 155 │         if (!entry["command"].every((part) => typeof part === "string"))
    156 156 │           return [];
  

scripts/template/evidence.ts:155:15 lint/complexity/useLiteralKeys  FIXABLE  ━━━━━━━━━━━━━━━━━━━━━━━

  i The computed expression can be simplified without the use of a string literal.
  
    153 │ 		validations.flatMap((entry) => {
    154 │ 			if (!isRecord(entry) || !Array.isArray(entry["command"])) return [];
  > 155 │ 			if (!entry["command"].every((part) => typeof part === "string"))
        │ 			           ^^^^^^^^^
    156 │ 				return [];
    157 │ 			return [commandKey(entry["command"] as string[])];
  
  i Unsafe fix: Use a literal key instead.
  
    153 153 │       validations.flatMap((entry) => {
    154 154 │         if (!isRecord(entry) || !Array.isArray(entry["command"])) return [];
    155     │ - → → → if·(!entry["command"].every((part)·=>·typeof·part·===·"string"))
        155 │ + → → → if·(!entry.command.every((part)·=>·typeof·part·===·"string"))
    156 156 │           return [];
    157 157 │         return [commandKey(entry["command"] as string[])];
  

scripts/template/evidence.ts:157:29 lint/complexity/useLiteralKeys  FIXABLE  ━━━━━━━━━━━━━━━━━━━━━━━

  i The computed expression can be simplified without the use of a string literal.
  
    155 │ 			if (!entry["command"].every((part) => typeof part === "string"))
    156 │ 				return [];
  > 157 │ 			return [commandKey(entry["command"] as string[])];
        │ 			                         ^^^^^^^^^
    158 │ 		}),
    159 │ 	);
  
  i Unsafe fix: Use a literal key instead.
  
    155 155 │         if (!entry["command"].every((part) => typeof part === "string"))
    156 156 │           return [];
    157     │ - → → → return·[commandKey(entry["command"]·as·string[])];
        157 │ + → → → return·[commandKey(entry.command·as·string[])];
    158 158 │       }),
    159 159 │     );
  

scripts/template/evidence.ts:163:16 lint/complexity/useLiteralKeys  FIXABLE  ━━━━━━━━━━━━━━━━━━━━━━━

  i The computed expression can be simplified without the use of a string literal.
  
    161 │ 		if (
    162 │ 			isRecord(validation) &&
  > 163 │ 			(validation["status"] !== "pass" || validation["exitCode"] !== 0)
        │ 			            ^^^^^^^^
    164 │ 		)
    165 │ 			errors.push("semantic: committed validation result is not passing");
  
  i Unsafe fix: Use a literal key instead.
  
    161 161 │       if (
    162 162 │         isRecord(validation) &&
    163     │ - → → → (validation["status"]·!==·"pass"·||·validation["exitCode"]·!==·0)
        163 │ + → → → (validation.status·!==·"pass"·||·validation["exitCode"]·!==·0)
    164 164 │       )
    165 165 │         errors.push("semantic: committed validation result is not passing");
  

scripts/template/evidence.ts:163:51 lint/complexity/useLiteralKeys  FIXABLE  ━━━━━━━━━━━━━━━━━━━━━━━

  i The computed expression can be simplified without the use of a string literal.
  
    161 │ 		if (
    162 │ 			isRecord(validation) &&
  > 163 │ 			(validation["status"] !== "pass" || validation["exitCode"] !== 0)
        │ 			                                               ^^^^^^^^^^
    164 │ 		)
    165 │ 			errors.push("semantic: committed validation result is not passing");
  
  i Unsafe fix: Use a literal key instead.
  
    161 161 │       if (
    162 162 │         isRecord(validation) &&
    163     │ - → → → (validation["status"]·!==·"pass"·||·validation["exitCode"]·!==·0)
        163 │ + → → → (validation["status"]·!==·"pass"·||·validation.exitCode·!==·0)
    164 164 │       )
    165 165 │         errors.push("semantic: committed validation result is not passing");
  

scripts/template/evidence.ts:190:33 lint/complexity/useLiteralKeys  FIXABLE  ━━━━━━━━━━━━━━━━━━━━━━━

  i The computed expression can be simplified without the use of a string literal.
  
    188 │ 	const inventory = recordAt(value, "inventory");
    189 │ 	const controlledRun = recordAt(inventory, "controlledRun");
  > 190 │ 	const runLabel = controlledRun["runLabel"];
        │ 	                               ^^^^^^^^^^
    191 │ 	if (
    192 │ 		typeof runLabel !== "string" ||
  
  i Unsafe fix: Use a literal key instead.
  
    188 188 │     const inventory = recordAt(value, "inventory");
    189 189 │     const controlledRun = recordAt(inventory, "controlledRun");
    190     │ - → const·runLabel·=·controlledRun["runLabel"];
        190 │ + → const·runLabel·=·controlledRun.runLabel;
    191 191 │     if (
    192 192 │       typeof runLabel !== "string" ||
  

scripts/template/evidence.ts:196:37 lint/complexity/useLiteralKeys  FIXABLE  ━━━━━━━━━━━━━━━━━━━━━━━

  i The computed expression can be simplified without the use of a string literal.
  
    194 │ 	)
    195 │ 		errors.push("semantic: controlled run label is not evidence-scoped");
  > 196 │ 	const containerIds = controlledRun["containerIds"];
        │ 	                                   ^^^^^^^^^^^^^^
    197 │ 	if (
    198 │ 		Array.isArray(containerIds) &&
  
  i Unsafe fix: Use a literal key instead.
  
    194 194 │     )
    195 195 │       errors.push("semantic: controlled run label is not evidence-scoped");
    196     │ - → const·containerIds·=·controlledRun["containerIds"];
        196 │ + → const·containerIds·=·controlledRun.containerIds;
    197 197 │     if (
    198 198 │       Array.isArray(containerIds) &&
  

scripts/template/evidence.ts:219:26 lint/complexity/useLiteralKeys  FIXABLE  ━━━━━━━━━━━━━━━━━━━━━━━

  i The computed expression can be simplified without the use of a string literal.
  
    217 │ 	const diagnostic = recordAt(measurements, "failedLifecycleExecLatency");
    218 │ 	const latency = recordAt(diagnostic, "value");
  > 219 │ 	const samples = latency["samples"];
        │ 	                        ^^^^^^^^^
    220 │ 	const sampleCount = numberAt(latency, "sampleCount");
    221 │ 	const warmupCount = numberAt(latency, "warmupCount");
  
  i Unsafe fix: Use a literal key instead.
  
    217 217 │     const diagnostic = recordAt(measurements, "failedLifecycleExecLatency");
    218 218 │     const latency = recordAt(diagnostic, "value");
    219     │ - → const·samples·=·latency["samples"];
        219 │ + → const·samples·=·latency.samples;
    220 220 │     const sampleCount = numberAt(latency, "sampleCount");
    221 221 │     const warmupCount = numberAt(latency, "warmupCount");
  

scripts/template/evidence.ts:264:14 lint/complexity/useLiteralKeys  FIXABLE  ━━━━━━━━━━━━━━━━━━━━━━━

  i The computed expression can be simplified without the use of a string literal.
  
    263 │ 	const cleanup = recordAt(value, "cleanup");
  > 264 │ 	if (cleanup["rawLogsDeleted"] !== true)
        │ 	            ^^^^^^^^^^^^^^^^
    265 │ 		errors.push("semantic: raw evidence logs were not deleted");
    266 │ 	if (cleanup["dockerPruneUsed"] !== false)
  
  i Unsafe fix: Use a literal key instead.
  
    262 262 │   
    263 263 │     const cleanup = recordAt(value, "cleanup");
    264     │ - → if·(cleanup["rawLogsDeleted"]·!==·true)
        264 │ + → if·(cleanup.rawLogsDeleted·!==·true)
    265 265 │       errors.push("semantic: raw evidence logs were not deleted");
    266 266 │     if (cleanup["dockerPruneUsed"] !== false)
  

scripts/template/evidence.ts:266:14 lint/complexity/useLiteralKeys  FIXABLE  ━━━━━━━━━━━━━━━━━━━━━━━

  i The computed expression can be simplified without the use of a string literal.
  
    264 │ 	if (cleanup["rawLogsDeleted"] !== true)
    265 │ 		errors.push("semantic: raw evidence logs were not deleted");
  > 266 │ 	if (cleanup["dockerPruneUsed"] !== false)
        │ 	            ^^^^^^^^^^^^^^^^^
    267 │ 		errors.push("semantic: Docker prune must not be used for evidence cleanup");
    268 │ 
  
  i Unsafe fix: Use a literal key instead.
  
    264 264 │     if (cleanup["rawLogsDeleted"] !== true)
    265 265 │       errors.push("semantic: raw evidence logs were not deleted");
    266     │ - → if·(cleanup["dockerPruneUsed"]·!==·false)
        266 │ + → if·(cleanup.dockerPruneUsed·!==·false)
    267 267 │       errors.push("semantic: Docker prune must not be used for evidence cleanup");
    268 268 │   
  

scripts/template/evidence.ts:270:35 lint/complexity/useLiteralKeys  FIXABLE  ━━━━━━━━━━━━━━━━━━━━━━━

  i The computed expression can be simplified without the use of a string literal.
  
    269 │ 	const rollback = recordAt(value, "rollback");
  > 270 │ 	const rollbackCommand = rollback["command"];
        │ 	                                 ^^^^^^^^^
    271 │ 	if (
    272 │ 		!Array.isArray(rollbackCommand) ||
  
  i Unsafe fix: Use a literal key instead.
  
    268 268 │   
    269 269 │     const rollback = recordAt(value, "rollback");
    270     │ - → const·rollbackCommand·=·rollback["command"];
        270 │ + → const·rollbackCommand·=·rollback.command;
    271 271 │     if (
    272 272 │       !Array.isArray(rollbackCommand) ||
  

scripts/template/evidence.ts:310:25 lint/complexity/useLiteralKeys  FIXABLE  ━━━━━━━━━━━━━━━━━━━━━━━

  i The computed expression can be simplified without the use of a string literal.
  
    309 │ 	const source = recordAt(value, "source");
  > 310 │ 	const baseSha = source["baseSha"];
        │ 	                       ^^^^^^^^^
    311 │ 	const preMigrationSha = source["preMigrationSha"];
    312 │ 	const implementationSha = source["implementationSha"];
  
  i Unsafe fix: Use a literal key instead.
  
    308 308 │   
    309 309 │     const source = recordAt(value, "source");
    310     │ - → const·baseSha·=·source["baseSha"];
        310 │ + → const·baseSha·=·source.baseSha;
    311 311 │     const preMigrationSha = source["preMigrationSha"];
    312 312 │     const implementationSha = source["implementationSha"];
  

scripts/template/evidence.ts:311:33 lint/complexity/useLiteralKeys  FIXABLE  ━━━━━━━━━━━━━━━━━━━━━━━

  i The computed expression can be simplified without the use of a string literal.
  
    309 │ 	const source = recordAt(value, "source");
    310 │ 	const baseSha = source["baseSha"];
  > 311 │ 	const preMigrationSha = source["preMigrationSha"];
        │ 	                               ^^^^^^^^^^^^^^^^^
    312 │ 	const implementationSha = source["implementationSha"];
    313 │ 	const runtimeBoundarySha = source["runtimeBoundarySha"];
  
  i Unsafe fix: Use a literal key instead.
  
    309 309 │     const source = recordAt(value, "source");
    310 310 │     const baseSha = source["baseSha"];
    311     │ - → const·preMigrationSha·=·source["preMigrationSha"];
        311 │ + → const·preMigrationSha·=·source.preMigrationSha;
    312 312 │     const implementationSha = source["implementationSha"];
    313 313 │     const runtimeBoundarySha = source["runtimeBoundarySha"];
  

scripts/template/evidence.ts:312:35 lint/complexity/useLiteralKeys  FIXABLE  ━━━━━━━━━━━━━━━━━━━━━━━

  i The computed expression can be simplified without the use of a string literal.
  
    310 │ 	const baseSha = source["baseSha"];
    311 │ 	const preMigrationSha = source["preMigrationSha"];
  > 312 │ 	const implementationSha = source["implementationSha"];
        │ 	                                 ^^^^^^^^^^^^^^^^^^^
    313 │ 	const runtimeBoundarySha = source["runtimeBoundarySha"];
    314 │ 	if (
  
  i Unsafe fix: Use a literal key instead.
  
    310 310 │     const baseSha = source["baseSha"];
    311 311 │     const preMigrationSha = source["preMigrationSha"];
    312     │ - → const·implementationSha·=·source["implementationSha"];
        312 │ + → const·implementationSha·=·source.implementationSha;
    313 313 │     const runtimeBoundarySha = source["runtimeBoundarySha"];
    314 314 │     if (
  

scripts/template/evidence.ts:313:36 lint/complexity/useLiteralKeys  FIXABLE  ━━━━━━━━━━━━━━━━━━━━━━━

  i The computed expression can be simplified without the use of a string literal.
  
    311 │ 	const preMigrationSha = source["preMigrationSha"];
    312 │ 	const implementationSha = source["implementationSha"];
  > 313 │ 	const runtimeBoundarySha = source["runtimeBoundarySha"];
        │ 	                                  ^^^^^^^^^^^^^^^^^^^^
    314 │ 	if (
    315 │ 		typeof baseSha !== "string" ||
  
  i Unsafe fix: Use a literal key instead.
  
    311 311 │     const preMigrationSha = source["preMigrationSha"];
    312 312 │     const implementationSha = source["implementationSha"];
    313     │ - → const·runtimeBoundarySha·=·source["runtimeBoundarySha"];
        313 │ + → const·runtimeBoundarySha·=·source.runtimeBoundarySha;
    314 314 │     if (
    315 315 │       typeof baseSha !== "string" ||
  

scripts/template/json-schema.ts:62:20 lint/complexity/useLiteralKeys  FIXABLE  ━━━━━━━━━━━━━━━━━━━━━

  i The computed expression can be simplified without the use of a string literal.
  
    60 │ 	if (schema === true) return [];
    61 │ 	if (schema === false) return [`${path} is forbidden by the schema`];
  > 62 │ 	if (typeof schema["$ref"] === "string") {
       │ 	                  ^^^^^^
    63 │ 		return validateNode(value, pointer(root, schema["$ref"]), root, path);
    64 │ 	}
  
  i Unsafe fix: Use a literal key instead.
  
     60  60 │     if (schema === true) return [];
     61  61 │     if (schema === false) return [`${path} is forbidden by the schema`];
     62     │ - → if·(typeof·schema["$ref"]·===·"string")·{
         62 │ + → if·(typeof·schema.$ref·===·"string")·{
     63  63 │       return validateNode(value, pointer(root, schema["$ref"]), root, path);
     64  64 │     }
  

scripts/template/json-schema.ts:63:51 lint/complexity/useLiteralKeys  FIXABLE  ━━━━━━━━━━━━━━━━━━━━━

  i The computed expression can be simplified without the use of a string literal.
  
    61 │ 	if (schema === false) return [`${path} is forbidden by the schema`];
    62 │ 	if (typeof schema["$ref"] === "string") {
  > 63 │ 		return validateNode(value, pointer(root, schema["$ref"]), root, path);
       │ 		                                                ^^^^^^
    64 │ 	}
    65 │ 
  
  i Unsafe fix: Use a literal key instead.
  
     61  61 │     if (schema === false) return [`${path} is forbidden by the schema`];
     62  62 │     if (typeof schema["$ref"] === "string") {
     63     │ - → → return·validateNode(value,·pointer(root,·schema["$ref"]),·root,·path);
         63 │ + → → return·validateNode(value,·pointer(root,·schema.$ref),·root,·path);
     64  64 │     }
     65  65 │   
  

scripts/template/json-schema.ts:67:23 lint/complexity/useLiteralKeys  FIXABLE  ━━━━━━━━━━━━━━━━━━━━━

  i The computed expression can be simplified without the use of a string literal.
  
    66 │ 	const errors: string[] = [];
  > 67 │ 	const allOf = schema["allOf"];
       │ 	                     ^^^^^^^
    68 │ 	if (Array.isArray(allOf)) {
    69 │ 		for (const branch of allOf) {
  
  i Unsafe fix: Use a literal key instead.
  
     65  65 │   
     66  66 │     const errors: string[] = [];
     67     │ - → const·allOf·=·schema["allOf"];
         67 │ + → const·allOf·=·schema.allOf;
     68  68 │     if (Array.isArray(allOf)) {
     69  69 │       for (const branch of allOf) {
  

scripts/template/prove-stage-one-revert.ts:88:13 lint/complexity/useLiteralKeys  FIXABLE  ━━━━━━━━━━

  i The computed expression can be simplified without the use of a string literal.
  
    86 │ 			(feature) => feature.endsWith("/node:1"),
    87 │ 		);
  > 88 │ 		if (proto["bun"] !== "1.3.4")
       │ 		          ^^^^^
    89 │ 			throw new Error("Predecessor Bun authority was not restored");
    90 │ 		if (proto["node"] !== undefined)
  
  i Unsafe fix: Use a literal key instead.
  
     86  86 │         (feature) => feature.endsWith("/node:1"),
     87  87 │       );
     88     │ - → → if·(proto["bun"]·!==·"1.3.4")
         88 │ + → → if·(proto.bun·!==·"1.3.4")
     89  89 │         throw new Error("Predecessor Bun authority was not restored");
     90  90 │       if (proto["node"] !== undefined)
  

scripts/template/prove-stage-one-revert.ts:90:13 lint/complexity/useLiteralKeys  FIXABLE  ━━━━━━━━━━

  i The computed expression can be simplified without the use of a string literal.
  
    88 │ 		if (proto["bun"] !== "1.3.4")
    89 │ 			throw new Error("Predecessor Bun authority was not restored");
  > 90 │ 		if (proto["node"] !== undefined)
       │ 		          ^^^^^^
    91 │ 			throw new Error("Predecessor unexpectedly leaves Node selected in Proto");
    92 │ 		if (nodeFeatures.length !== 1)
  
  i Unsafe fix: Use a literal key instead.
  
     88  88 │       if (proto["bun"] !== "1.3.4")
     89  89 │         throw new Error("Predecessor Bun authority was not restored");
     90     │ - → → if·(proto["node"]·!==·undefined)
         90 │ + → → if·(proto.node·!==·undefined)
     91  91 │         throw new Error("Predecessor unexpectedly leaves Node selected in Proto");
     92  92 │       if (nodeFeatures.length !== 1)
  

