initialContainer=d8c24c5becc46273b10674e72876d05096b7433ef4bedc0eb0b373c64fa0561b
volume=proto-home-default-de-e1f07
initialHealth=node:v24.18.0 bun:1.3.13 proto:0.55.4 guard:pass
attachedVolumeRemoval=exit:1 volume-is-in-use
containerRemoval=exit:0
volumeRemoval=exit:0
replacementContainer=20bafa4526fa866083709e65245bf0dbc128d213f760f2b86b9d07bd82a7b4ec
recreate=exit:0
replacementHealth=node:v24.18.0 bun:1.3.13 proto:0.55.4 guard:pass
workspaceDelete=exit:0
scopedVolumeCleanup=exit:0
headSha=85c549990268bbda576fc510e03a6a93800425e8
predecessorSha=94863ed1b12d261e432702a76848916d92f89450
syntheticMergeSha=a20d1f1140bf2d5ab71123df2ea91a65d39d096c
syntheticMergeTree=e24557220fb2a7d799bf2777ce85f5df60226a06
syntheticMergeParents=94863ed1b12d261e432702a76848916d92f89450,85c549990268bbda576fc510e03a6a93800425e8
revertExitCode=0
predecessorTree=d71ad71a9e77df2acea32c5562aadafda4199f32
revertedTree=d71ad71a9e77df2acea32c5562aadafda4199f32
treeMatchesPredecessor=true
predecessorBun=1.3.4
predecessorProtoNodeSelected=false
predecessorNodeFeature=ghcr.io/devcontainers/features/node:1
imageBuildExitCode=0
nodePath=/usr/local/share/nvm/current/bin/node
nodeVersion=v24.18.0
protoNodeShim=absent
imageCleanupExitCode=0
