{
  "commandId": "rollback-proof",
  "predecessorSha": "2a2d4ab71723a608e7170d93a47622b6d92d2fac",
  "implementationSha": "3665de558333f4920c81b042514961129900ad8c",
  "syntheticMergeSha": "b6e77b67bc467170d3fda3e2a0289b3e86e72409",
  "syntheticMergeTree": "60b9e1455dc77ff7c71efda0b59f29fe8c39af84",
  "syntheticMergeParents": [
    "2a2d4ab71723a608e7170d93a47622b6d92d2fac",
    "3665de558333f4920c81b042514961129900ad8c"
  ],
  "predecessorTree": "5b23f4511557aba50b6ac8280f6abb4ef909feb4",
  "revertedTree": "5b23f4511557aba50b6ac8280f6abb4ef909feb4",
  "treeMatchesPredecessor": true,
  "operations": [
    [
      "git",
      "rev-parse",
      "2a2d4ab71723a608e7170d93a47622b6d92d2fac^{tree}"
    ],
    [
      "git",
      "rev-parse",
      "3665de558333f4920c81b042514961129900ad8c^{tree}"
    ],
    [
      "git",
      "worktree",
      "add",
      "--detach",
      "/tmp/devenv-stage2-stage3-20260715t145706z-3665de55-rollback",
      "2a2d4ab71723a608e7170d93a47622b6d92d2fac"
    ],
    [
      "git",
      "commit-tree",
      "60b9e1455dc77ff7c71efda0b59f29fe8c39af84",
      "-p",
      "2a2d4ab71723a608e7170d93a47622b6d92d2fac",
      "-p",
      "3665de558333f4920c81b042514961129900ad8c",
      "-m",
      "Stage 2 synthetic merge"
    ],
    [
      "git",
      "rev-parse",
      "b6e77b67bc467170d3fda3e2a0289b3e86e72409^{tree}"
    ],
    [
      "git",
      "show",
      "-s",
      "--format=%P",
      "b6e77b67bc467170d3fda3e2a0289b3e86e72409"
    ],
    [
      "git",
      "checkout",
      "--detach",
      "b6e77b67bc467170d3fda3e2a0289b3e86e72409"
    ],
    [
      "git",
      "revert",
      "--no-edit",
      "-m",
      "1",
      "b6e77b67bc467170d3fda3e2a0289b3e86e72409"
    ],
    [
      "git",
      "rev-parse",
      "HEAD^{tree}"
    ]
  ]
}
