{
  "commandId": "rollback-proof",
  "predecessorSha": "4367bad6e2cb49e4c969a61b892634347ed0bf24",
  "implementationSha": "55a1e75c60ed622ac5eaf097284b93b95b0147d6",
  "syntheticMergeSha": "ec499f40c7e115927821807f34cfecc05ae3a5e0",
  "syntheticMergeTree": "150e97045f5216b34a8e9be5bf209c7517e0df48",
  "syntheticMergeParents": [
    "4367bad6e2cb49e4c969a61b892634347ed0bf24",
    "55a1e75c60ed622ac5eaf097284b93b95b0147d6"
  ],
  "predecessorTree": "80081f0096eedaab06acd255c163b9f987477554",
  "revertedTree": "80081f0096eedaab06acd255c163b9f987477554",
  "treeMatchesPredecessor": true,
  "operations": [
    [
      "git",
      "rev-parse",
      "4367bad6e2cb49e4c969a61b892634347ed0bf24^{tree}"
    ],
    [
      "git",
      "rev-parse",
      "55a1e75c60ed622ac5eaf097284b93b95b0147d6^{tree}"
    ],
    [
      "git",
      "worktree",
      "add",
      "--detach",
      "/tmp/devenv-stage2-stage2-20260715t082607z-51b81f06/rollback-worktree",
      "4367bad6e2cb49e4c969a61b892634347ed0bf24"
    ],
    [
      "git",
      "commit-tree",
      "150e97045f5216b34a8e9be5bf209c7517e0df48",
      "-p",
      "4367bad6e2cb49e4c969a61b892634347ed0bf24",
      "-p",
      "55a1e75c60ed622ac5eaf097284b93b95b0147d6",
      "-m",
      "Stage 2 synthetic merge"
    ],
    [
      "git",
      "rev-parse",
      "ec499f40c7e115927821807f34cfecc05ae3a5e0^{tree}"
    ],
    [
      "git",
      "show",
      "-s",
      "--format=%P",
      "ec499f40c7e115927821807f34cfecc05ae3a5e0"
    ],
    [
      "git",
      "checkout",
      "--detach",
      "ec499f40c7e115927821807f34cfecc05ae3a5e0"
    ],
    [
      "git",
      "revert",
      "--no-edit",
      "-m",
      "1",
      "ec499f40c7e115927821807f34cfecc05ae3a5e0"
    ],
    [
      "git",
      "rev-parse",
      "HEAD^{tree}"
    ]
  ]
}
