{
  "commandId": "stale-image-refusal",
  "mutation": "shadow-workspace-shell-env-tools-overrides-and-edit-definition",
  "originalDefinitionFingerprint": "1fdcf6af675c375278210b09942c4dd3fec46b940011addb9ed900c54c614ea5",
  "mutatedDefinitionFingerprint": "a480382744c4fd8e3917021081d32bb83588c7a036dcbfb4a457f69d7a0d3d2d",
  "shadowBunPath": "/workspace/node_modules/.bin/bun",
  "shadowBashPath": "/workspace/node_modules/.bin/bash",
  "shadowUtilityPaths": [
    "/workspace/node_modules/.bin/readlink",
    "/workspace/node_modules/.bin/sha256sum",
    "/workspace/node_modules/.bin/awk",
    "/workspace/node_modules/.bin/tr"
  ],
  "trustedRepoMount": "/trusted",
  "overrideMarkerPath": "/workspace/contract-marker-override",
  "environmentOverrides": {
    "DEVCONTAINER_REPO_ROOT": "/trusted",
    "DEVCONTAINER_IMAGE_CONTRACT_DIR": "/workspace/contract-marker-override",
    "BASH_ENV": "/workspace/preverify-bash-env.sh",
    "BASH_FUNC_source%%": "() { /bin/echo PREVERIFY_EXPORTED_SOURCE_EXECUTED >&2; }"
  },
  "preVerificationShadowExecution": false,
  "preVerificationBashEnvExecution": false,
  "preVerificationExportedFunctionExecution": false,
  "containerExitCode": 1,
  "refused": true,
  "diagnostic": "ERROR: the devcontainer definition differs from the image fingerprint\nRebuild/recreate the devcontainer; image-owned tools are never repaired at runtime."
}
